# JRE version: Java(TM) SE Runtime Environment (20.0.2+9) (build 20.0.2+9-78)
# Java VM: Java HotSpot(TM) 64-Bit Server VM (20.0.2+9-78, mixed mode, emulated-client, sharing, tiered, compressed oops, compressed class ptrs, g1 gc, windows-amd64)
GC Precious Log:
 CardTable entry size: 512
 Card Set container configuration: InlinePtr #cards 5 size 8 Array Of Cards #cards 12 size 40 Howl #buckets 4 coarsen threshold 1843 Howl Bitmap #cards 512 size 80 coarsen threshold 460 Card regions per heap region 1 cards per card region 2048
 CPUs: 8 total, 8 available
 Memory: 8030M
 Large Page Support: Disabled
 NUMA Support: Disabled
 Compressed Oops: Enabled (32-bit)
 Heap Region Size: 1M
 Heap Min Capacity: 8M
 Heap Initial Capacity: 126M
 Heap Max Capacity: 2008M
 Pre-touch: Disabled
 Parallel Workers: 8
 Concurrent Workers: 2
 Concurrent Refinement Workers: 8
 Periodic GC: Disabled
Heap:
 garbage-first heap   total 66560K, used 31678K [0x0000000082800000, 0x0000000100000000)
  region size 1024K, 7 young (7168K), 4 survivors (4096K)
 Metaspace       used 67279K, committed 68032K, reserved 1114112K
  class space    used 9396K, committed 9728K, reserved 1048576K
GC Heap History (20 events):
Event: 3.626 GC heap after
{Heap after GC invocations=5 (full 0):
 garbage-first heap   total 55296K, used 15457K [0x0000000082800000, 0x0000000100000000)
  region size 1024K, 3 young (3072K), 3 survivors (3072K)
 Metaspace       used 23417K, committed 23808K, reserved 1114112K
  class space    used 3151K, committed 3328K, reserved 1048576K
}
Event: 4.225 GC heap before
{Heap before GC invocations=5 (full 0):
 garbage-first heap   total 55296K, used 41057K [0x0000000082800000, 0x0000000100000000)
  region size 1024K, 28 young (28672K), 3 survivors (3072K)
 Metaspace       used 26891K, committed 27456K, reserved 1114112K
  class space    used 3700K, committed 3968K, reserved 1048576K
}
Event: 4.228 GC heap after
{Heap after GC invocations=6 (full 0):
 garbage-first heap   total 55296K, used 17879K [0x0000000082800000, 0x0000000100000000)
  region size 1024K, 4 young (4096K), 4 survivors (4096K)
 Metaspace       used 26891K, committed 27456K, reserved 1114112K
  class space    used 3700K, committed 3968K, reserved 1048576K
}
Event: 4.864 GC heap before
{Heap before GC invocations=6 (full 0):
 garbage-first heap   total 55296K, used 44503K [0x0000000082800000, 0x0000000100000000)
  region size 1024K, 30 young (30720K), 4 survivors (4096K)
 Metaspace       used 30999K, committed 31552K, reserved 1114112K
  class space    used 4231K, committed 4480K, reserved 1048576K
}
Event: 4.870 GC heap after
{Heap after GC invocations=7 (full 0):
 garbage-first heap   total 55296K, used 19788K [0x0000000082800000, 0x0000000100000000)
  region size 1024K, 2 young (2048K), 2 survivors (2048K)
 Metaspace       used 30999K, committed 31552K, reserved 1114112K
  class space    used 4231K, committed 4480K, reserved 1048576K
}
Event: 5.254 GC heap before
{Heap before GC invocations=7 (full 0):
 garbage-first heap   total 55296K, used 35148K [0x0000000082800000, 0x0000000100000000)
  region size 1024K, 18 young (18432K), 2 survivors (2048K)
 Metaspace       used 34675K, committed 35200K, reserved 1114112K
  class space    used 4840K, committed 5056K, reserved 1048576K
}
Event: 5.257 GC heap after
{Heap after GC invocations=8 (full 0):
 garbage-first heap   total 55296K, used 20284K [0x0000000082800000, 0x0000000100000000)
  region size 1024K, 3 young (3072K), 3 survivors (3072K)
 Metaspace       used 34675K, committed 35200K, reserved 1114112K
  class space    used 4840K, committed 5056K, reserved 1048576K
}
Event: 6.547 GC heap before
{Heap before GC invocations=9 (full 0):
 garbage-first heap   total 55296K, used 45884K [0x0000000082800000, 0x0000000100000000)
  region size 1024K, 28 young (28672K), 3 survivors (3072K)
 Metaspace       used 43943K, committed 44544K, reserved 1114112K
  class space    used 6016K, committed 6272K, reserved 1048576K
}
Event: 6.552 GC heap after
{Heap after GC invocations=10 (full 0):
 garbage-first heap   total 55296K, used 22993K [0x0000000082800000, 0x0000000100000000)
  region size 1024K, 4 young (4096K), 4 survivors (4096K)
 Metaspace       used 43943K, committed 44544K, reserved 1114112K
  class space    used 6016K, committed 6272K, reserved 1048576K
}
Event: 7.052 GC heap before
{Heap before GC invocations=10 (full 0):
 garbage-first heap   total 55296K, used 44497K [0x0000000082800000, 0x0000000100000000)
  region size 1024K, 26 young (26624K), 4 survivors (4096K)
 Metaspace       used 48832K, committed 49408K, reserved 1114112K
  class space    used 6614K, committed 6848K, reserved 1048576K
}
Event: 7.056 GC heap after
{Heap after GC invocations=11 (full 0):
 garbage-first heap   total 55296K, used 24094K [0x0000000082800000, 0x0000000100000000)
  region size 1024K, 2 young (2048K), 2 survivors (2048K)
 Metaspace       used 48832K, committed 49408K, reserved 1114112K
  class space    used 6614K, committed 6848K, reserved 1048576K
}
Event: 7.586 GC heap before
{Heap before GC invocations=11 (full 0):
 garbage-first heap   total 55296K, used 46622K [0x0000000082800000, 0x0000000100000000)
  region size 1024K, 24 young (24576K), 2 survivors (2048K)
 Metaspace       used 55152K, committed 55744K, reserved 1114112K
  class space    used 7684K, committed 7936K, reserved 1048576K
}
Event: 7.589 GC heap after
{Heap after GC invocations=12 (full 0):
 garbage-first heap   total 55296K, used 24678K [0x0000000082800000, 0x0000000100000000)
  region size 1024K, 3 young (3072K), 3 survivors (3072K)
 Metaspace       used 55152K, committed 55744K, reserved 1114112K
  class space    used 7684K, committed 7936K, reserved 1048576K
}
Event: 8.109 GC heap before
{Heap before GC invocations=12 (full 0):
 garbage-first heap   total 55296K, used 40038K [0x0000000082800000, 0x0000000100000000)
  region size 1024K, 19 young (19456K), 3 survivors (3072K)
 Metaspace       used 58518K, committed 59136K, reserved 1114112K
  class space    used 8070K, committed 8320K, reserved 1048576K
}
Event: 8.113 GC heap after
{Heap after GC invocations=13 (full 0):
 garbage-first heap   total 55296K, used 26119K [0x0000000082800000, 0x0000000100000000)
  region size 1024K, 3 young (3072K), 3 survivors (3072K)
 Metaspace       used 58518K, committed 59136K, reserved 1114112K
  class space    used 8070K, committed 8320K, reserved 1048576K
}
Event: 8.489 GC heap before
{Heap before GC invocations=14 (full 0):
 garbage-first heap   total 55296K, used 46599K [0x0000000082800000, 0x0000000100000000)
  region size 1024K, 23 young (23552K), 3 survivors (3072K)
 Metaspace       used 60695K, committed 61312K, reserved 1114112K
  class space    used 8478K, committed 8768K, reserved 1048576K
}
Event: 8.493 GC heap after
{Heap after GC invocations=15 (full 0):
 garbage-first heap   total 66560K, used 28040K [0x0000000082800000, 0x0000000100000000)
  region size 1024K, 3 young (3072K), 3 survivors (3072K)
 Metaspace       used 60695K, committed 61312K, reserved 1114112K
  class space    used 8478K, committed 8768K, reserved 1048576K
}
Event: 119.244 GC heap before
{Heap before GC invocations=15 (full 0):
 garbage-first heap   total 66560K, used 57736K [0x0000000082800000, 0x0000000100000000)
  region size 1024K, 33 young (33792K), 3 survivors (3072K)
 Metaspace       used 67152K, committed 67904K, reserved 1114112K
  class space    used 9369K, committed 9664K, reserved 1048576K
}
Event: 119.265 GC heap after
{Heap after GC invocations=16 (full 0):
 garbage-first heap   total 66560K, used 29630K [0x0000000082800000, 0x0000000100000000)
  region size 1024K, 4 young (4096K), 4 survivors (4096K)
 Metaspace       used 67152K, committed 67904K, reserved 1114112K
  class space    used 9369K, committed 9664K, reserved 1048576K
}
Event: 159.550 GC heap before
{Heap before GC invocations=16 (full 0):
 garbage-first heap   total 66560K, used 31678K [0x0000000082800000, 0x0000000100000000)
  region size 1024K, 7 young (7168K), 4 survivors (4096K)
 Metaspace       used 67279K, committed 68032K, reserved 1114112K
  class space    used 9396K, committed 9728K, reserved 1048576K
}

